#
# There is insufficient memory for the Java Runtime Environment to continue.
# Native memory allocation (malloc) failed to allocate 1369328 bytes for Chunk::new
# Possible reasons:
#   The system is out of physical RAM or swap space
#   In 32 bit mode, the process size limit was hit
# Possible solutions:
#   Reduce memory load on the system
#   Increase physical memory or swap space
#   Check if swap backing store is full
#   Use 64 bit Java on a 64 bit OS
#   Decrease Java heap size (-Xmx/-Xms)
#   Decrease number of Java threads
#   Decrease Java thread stack sizes (-Xss)
#   Set larger code cache with -XX:ReservedCodeCacheSize=
# This output file may be truncated or incomplete.
#
#  Out of Memory Error (allocation.cpp:390), pid=7808, tid=0x0000000000001620
#
# JRE version: OpenJDK Runtime Environment (8.0_152-b01) (build 1.8.0_152-release-1248-b01)
# Java VM: OpenJDK 64-Bit Server VM (25.152-b01 mixed mode windows-amd64 compressed oops)
# Failed to write core dump. Minidumps are not enabled by default on client versions of Windows
#

---------------  T H R E A D  ---------------

Current thread (0x0000000015e1a000):  JavaThread "C2 CompilerThread0" daemon [_thread_in_native, id=5664, stack(0x0000000017480000,0x0000000017580000)]

Stack: [0x0000000017480000,0x0000000017580000]
[error occurred during error reporting (printing stack bounds), id 0xc0000005]

Native frames: (J=compiled Java code, j=interpreted, Vv=VM code, C=native code)


Current CompileTask:
C2:   6396 3035       4       groovy.lang.MetaClassImpl$1MOPIter::methodNameAction (325 bytes)


---------------  P R O C E S S  ---------------

Java Threads: ( => current thread )
  0x000000001c586000 JavaThread "Build operations Thread 4" [_thread_blocked, id=1848, stack(0x0000000021550000,0x0000000021650000)]
  0x000000001c587000 JavaThread "Build operations Thread 3" [_thread_blocked, id=4976, stack(0x0000000021450000,0x0000000021550000)]
  0x000000001c58a000 JavaThread "Build operations Thread 2" [_thread_blocked, id=3772, stack(0x0000000021350000,0x0000000021450000)]
  0x000000001c588800 JavaThread "Build operations" [_thread_blocked, id=10152, stack(0x0000000020f80000,0x0000000021080000)]
  0x000000001c587800 JavaThread "Cache worker for execution history cache (C:\Users\ASUS\.gradle\caches\5.1.1\executionHistory)" [_thread_blocked, id=3480, stack(0x0000000020a80000,0x0000000020b80000)]
  0x0000000019218000 JavaThread "Cache worker for cache directory md-rule (C:\Users\ASUS\.gradle\caches\5.1.1\md-rule)" [_thread_blocked, id=8072, stack(0x000000001e760000,0x000000001e860000)]
  0x0000000019217800 JavaThread "Cache worker for cache directory md-supplier (C:\Users\ASUS\.gradle\caches\5.1.1\md-supplier)" [_thread_blocked, id=5212, stack(0x000000001e660000,0x000000001e760000)]
  0x0000000019213800 JavaThread "Cache worker for file hash cache (C:\Users\ASUS\Desktop\Method\FlyArystan_MethodPro\.gradle\5.1.1\fileHashes)" [_thread_blocked, id=8012, stack(0x000000001cb70000,0x000000001cc70000)]
  0x0000000019219000 JavaThread "Cache worker for journal cache (C:\Users\ASUS\.gradle\caches\journal-1)" [_thread_blocked, id=4944, stack(0x000000001a8d0000,0x000000001a9d0000)]
  0x000000001930c000 JavaThread "File lock request listener" [_thread_in_native, id=2436, stack(0x000000001a7d0000,0x000000001a8d0000)]
  0x00000000191e6800 JavaThread "Cache worker for file hash cache (C:\Users\ASUS\.gradle\caches\5.1.1\fileHashes)" [_thread_blocked, id=5192, stack(0x000000001a6d0000,0x000000001a7d0000)]
  0x0000000018f39800 JavaThread "Thread-8" [_thread_blocked, id=5240, stack(0x000000001a5d0000,0x000000001a6d0000)]
  0x000000001904b800 JavaThread "Stdin handler" [_thread_blocked, id=2460, stack(0x000000001a4d0000,0x000000001a5d0000)]
  0x0000000019045800 JavaThread "Asynchronous log dispatcher for DefaultDaemonConnection: socket connection from /127.0.0.1:5652 to /127.0.0.1:5653" [_thread_blocked, id=3648, stack(0x000000001a3d0000,0x000000001a4d0000)]
  0x0000000019043800 JavaThread "Daemon worker" [_thread_in_Java, id=9964, stack(0x000000001a0d0000,0x000000001a1d0000)]
  0x0000000019040000 JavaThread "Cancel handler" [_thread_blocked, id=1856, stack(0x0000000019fd0000,0x000000001a0d0000)]
  0x0000000019074000 JavaThread "Handler for socket connection from /127.0.0.1:5652 to /127.0.0.1:5653" [_thread_in_native, id=1536, stack(0x0000000019ed0000,0x0000000019fd0000)]
  0x0000000019069800 JavaThread "Daemon" [_thread_blocked, id=3692, stack(0x0000000019dd0000,0x0000000019ed0000)]
  0x0000000019059000 JavaThread "Daemon periodic checks" [_thread_blocked, id=3948, stack(0x0000000019cd0000,0x0000000019dd0000)]
  0x0000000018cce000 JavaThread "Incoming local TCP Connector on port 5652" [_thread_in_native, id=8916, stack(0x0000000019a90000,0x0000000019b90000)]
  0x0000000015e7c000 JavaThread "Service Thread" daemon [_thread_blocked, id=1036, stack(0x0000000017b80000,0x0000000017c80000)]
  0x0000000015e2a800 JavaThread "C1 CompilerThread2" daemon [_thread_blocked, id=9816, stack(0x0000000017680000,0x0000000017780000)]
  0x0000000015e1e000 JavaThread "C2 CompilerThread1" daemon [_thread_in_native, id=2348, stack(0x0000000017580000,0x0000000017680000)]
=>0x0000000015e1a000 JavaThread "C2 CompilerThread0" daemon [_thread_in_native, id=5664, stack(0x0000000017480000,0x0000000017580000)]
  0x0000000015e18800 JavaThread "Attach Listener" daemon [_thread_blocked, id=1672, stack(0x0000000017380000,0x0000000017480000)]
  0x0000000015e27000 JavaThread "Signal Dispatcher" daemon [_thread_blocked, id=1940, stack(0x0000000017280000,0x0000000017380000)]
  0x00000000024ab800 JavaThread "Finalizer" daemon [_thread_blocked, id=10116, stack(0x0000000017080000,0x0000000017180000)]
  0x00000000024a1000 JavaThread "Reference Handler" daemon [_thread_blocked, id=3124, stack(0x0000000016f80000,0x0000000017080000)]
  0x00000000023ae800 JavaThread "main" [_thread_blocked, id=4384, stack(0x0000000002260000,0x0000000002360000)]

Other Threads:
  0x0000000015de6000 VMThread [stack: 0x0000000016e80000,0x0000000016f80000] [id=8896]
  0x0000000015e7d000 WatcherThread [stack: 0x0000000017c80000,0x0000000017d80000] [id=5036]

VM state:not at safepoint (normal execution)

VM Mutex/Monitor currently owned by a thread: None

Heap:
 PSYoungGen      total 160768K, used 3138K [0x00000000e0000000, 0x00000000edb80000, 0x0000000100000000)
  eden space 147968K, 2% used [0x00000000e0000000,0x00000000e0310a48,0x00000000e9080000)
  from space 12800K, 0% used [0x00000000e9d80000,0x00000000e9d80000,0x00000000eaa00000)
  to   space 13312K, 0% used [0x00000000e9080000,0x00000000e9080000,0x00000000e9d80000)
 ParOldGen       total 64512K, used 16271K [0x00000000a0000000, 0x00000000a3f00000, 0x00000000e0000000)
  object space 64512K, 25% used [0x00000000a0000000,0x00000000a0fe3f58,0x00000000a3f00000)
 Metaspace       used 34789K, capacity 35456K, committed 35672K, reserved 1079296K
  class space    used 4776K, capacity 4976K, committed 4992K, reserved 1048576K

Card table byte_map: [0x0000000011870000,0x0000000011b80000] byte_map_base: 0x0000000011370000

Marking Bits: (ParMarkBitMap*) 0x0000000059445aa0
 Begin Bits: [0x0000000012180000, 0x0000000013980000)
 End Bits:   [0x0000000013980000, 0x0000000015180000)

Polling page: 0x0000000000740000

CodeCache: size=245760Kb used=10523Kb max_used=11345Kb free=235236Kb
 bounds [0x00000000024b0000, 0x0000000002fd0000, 0x00000000114b0000]
 total_blobs=3886 nmethods=3192 adapters=607
 compilation: enabled

Compilation events (10 events):
Event: 6.381 Thread 0x0000000015e2a800 3485       3       jdk.internal.org.objectweb.asm.MethodWriter::visitInsn (106 bytes)
Event: 6.382 Thread 0x0000000015e2a800 nmethod 3485 0x000000000265cb10 code [0x000000000265ccc0, 0x000000000265d168]
Event: 6.382 Thread 0x0000000015e2a800 3483       3       jdk.internal.org.objectweb.asm.ClassWriter::visitMethod (24 bytes)
Event: 6.382 Thread 0x0000000015e2a800 nmethod 3483 0x00000000025ca690 code [0x00000000025ca800, 0x00000000025caa48]
Event: 6.388 Thread 0x0000000015e2a800 3487       3       java.util.RegularEnumSet::contains (57 bytes)
Event: 6.389 Thread 0x0000000015e2a800 nmethod 3487 0x00000000026ce590 code [0x00000000026ce720, 0x00000000026cecc8]
Event: 6.390 Thread 0x0000000015e2a800 3488       3       java.lang.ClassLoader::findClass (9 bytes)
Event: 6.390 Thread 0x0000000015e2a800 nmethod 3488 0x0000000002620ed0 code [0x0000000002621040, 0x0000000002621228]
Event: 6.391 Thread 0x0000000015e2a800 3489       1       java.util.Collections$1::hasNext (5 bytes)
Event: 6.391 Thread 0x0000000015e2a800 nmethod 3489 0x00000000026ce2d0 code [0x00000000026ce420, 0x00000000026ce530]

GC Heap History (10 events):
Event: 3.194 GC heap before
{Heap before GC invocations=6 (full 1):
 PSYoungGen      total 71680K, used 5092K [0x00000000e0000000, 0x00000000e9800000, 0x0000000100000000)
  eden space 66560K, 0% used [0x00000000e0000000,0x00000000e0000000,0x00000000e4100000)
  from space 5120K, 99% used [0x00000000e4100000,0x00000000e45f9050,0x00000000e4600000)
  to   space 11264K, 0% used [0x00000000e8d00000,0x00000000e8d00000,0x00000000e9800000)
 ParOldGen       total 87552K, used 9864K [0x00000000a0000000, 0x00000000a5580000, 0x00000000e0000000)
  object space 87552K, 11% used [0x00000000a0000000,0x00000000a09a21f0,0x00000000a5580000)
 Metaspace       used 20749K, capacity 21088K, committed 21248K, reserved 1067008K
  class space    used 2864K, capacity 3034K, committed 3072K, reserved 1048576K
Event: 3.249 GC heap after
Heap after GC invocations=6 (full 1):
 PSYoungGen      total 71680K, used 0K [0x00000000e0000000, 0x00000000e9800000, 0x0000000100000000)
  eden space 66560K, 0% used [0x00000000e0000000,0x00000000e0000000,0x00000000e4100000)
  from space 5120K, 0% used [0x00000000e4100000,0x00000000e4100000,0x00000000e4600000)
  to   space 11264K, 0% used [0x00000000e8d00000,0x00000000e8d00000,0x00000000e9800000)
 ParOldGen       total 64512K, used 9882K [0x00000000a0000000, 0x00000000a3f00000, 0x00000000e0000000)
  object space 64512K, 15% used [0x00000000a0000000,0x00000000a09a6a50,0x00000000a3f00000)
 Metaspace       used 20749K, capacity 21088K, committed 21248K, reserved 1067008K
  class space    used 2864K, capacity 3034K, committed 3072K, reserved 1048576K
}
Event: 4.352 GC heap before
{Heap before GC invocations=7 (full 1):
 PSYoungGen      total 71680K, used 66560K [0x00000000e0000000, 0x00000000e9800000, 0x0000000100000000)
  eden space 66560K, 100% used [0x00000000e0000000,0x00000000e4100000,0x00000000e4100000)
  from space 5120K, 0% used [0x00000000e4100000,0x00000000e4100000,0x00000000e4600000)
  to   space 11264K, 0% used [0x00000000e8d00000,0x00000000e8d00000,0x00000000e9800000)
 ParOldGen       total 64512K, used 9882K [0x00000000a0000000, 0x00000000a3f00000, 0x00000000e0000000)
  object space 64512K, 15% used [0x00000000a0000000,0x00000000a09a6a50,0x00000000a3f00000)
 Metaspace       used 28343K, capacity 28804K, committed 29056K, reserved 1075200K
  class space    used 3803K, capacity 3953K, committed 3968K, reserved 1048576K
Event: 4.362 GC heap after
Heap after GC invocations=7 (full 1):
 PSYoungGen      total 108544K, used 7836K [0x00000000e0000000, 0x00000000e9500000, 0x0000000100000000)
  eden space 100352K, 0% used [0x00000000e0000000,0x00000000e0000000,0x00000000e6200000)
  from space 8192K, 95% used [0x00000000e8d00000,0x00000000e94a71b0,0x00000000e9500000)
  to   space 11264K, 0% used [0x00000000e7f00000,0x00000000e7f00000,0x00000000e8a00000)
 ParOldGen       total 64512K, used 9890K [0x00000000a0000000, 0x00000000a3f00000, 0x00000000e0000000)
  object space 64512K, 15% used [0x00000000a0000000,0x00000000a09a8a50,0x00000000a3f00000)
 Metaspace       used 28343K, capacity 28804K, committed 29056K, reserved 1075200K
  class space    used 3803K, capacity 3953K, committed 3968K, reserved 1048576K
}
Event: 5.595 GC heap before
{Heap before GC invocations=8 (full 1):
 PSYoungGen      total 108544K, used 108188K [0x00000000e0000000, 0x00000000e9500000, 0x0000000100000000)
  eden space 100352K, 100% used [0x00000000e0000000,0x00000000e6200000,0x00000000e6200000)
  from space 8192K, 95% used [0x00000000e8d00000,0x00000000e94a71b0,0x00000000e9500000)
  to   space 11264K, 0% used [0x00000000e7f00000,0x00000000e7f00000,0x00000000e8a00000)
 ParOldGen       total 64512K, used 9890K [0x00000000a0000000, 0x00000000a3f00000, 0x00000000e0000000)
  object space 64512K, 15% used [0x00000000a0000000,0x00000000a09a8a50,0x00000000a3f00000)
 Metaspace       used 33203K, capacity 33702K, committed 34176K, reserved 1079296K
  class space    used 4559K, capacity 4717K, committed 4736K, reserved 1048576K
Event: 5.608 GC heap after
Heap after GC invocations=8 (full 1):
 PSYoungGen      total 141312K, used 11210K [0x00000000e0000000, 0x00000000eaa00000, 0x0000000100000000)
  eden space 130048K, 0% used [0x00000000e0000000,0x00000000e0000000,0x00000000e7f00000)
  from space 11264K, 99% used [0x00000000e7f00000,0x00000000e89f29b0,0x00000000e8a00000)
  to   space 12800K, 0% used [0x00000000e9d80000,0x00000000e9d80000,0x00000000eaa00000)
 ParOldGen       total 64512K, used 9898K [0x00000000a0000000, 0x00000000a3f00000, 0x00000000e0000000)
  object space 64512K, 15% used [0x00000000a0000000,0x00000000a09aaa50,0x00000000a3f00000)
 Metaspace       used 33203K, capacity 33702K, committed 34176K, reserved 1079296K
  class space    used 4559K, capacity 4717K, committed 4736K, reserved 1048576K
}
Event: 6.227 GC heap before
{Heap before GC invocations=9 (full 1):
 PSYoungGen      total 141312K, used 39997K [0x00000000e0000000, 0x00000000eaa00000, 0x0000000100000000)
  eden space 130048K, 22% used [0x00000000e0000000,0x00000000e1c1cd30,0x00000000e7f00000)
  from space 11264K, 99% used [0x00000000e7f00000,0x00000000e89f29b0,0x00000000e8a00000)
  to   space 12800K, 0% used [0x00000000e9d80000,0x00000000e9d80000,0x00000000eaa00000)
 ParOldGen       total 64512K, used 9898K [0x00000000a0000000, 0x00000000a3f00000, 0x00000000e0000000)
  object space 64512K, 15% used [0x00000000a0000000,0x00000000a09aaa50,0x00000000a3f00000)
 Metaspace       used 34585K, capacity 35214K, committed 35416K, reserved 1079296K
  class space    used 4742K, capacity 4937K, committed 4992K, reserved 1048576K
Event: 6.245 GC heap after
Heap after GC invocations=9 (full 1):
 PSYoungGen      total 160768K, used 9485K [0x00000000e0000000, 0x00000000edb80000, 0x0000000100000000)
  eden space 147968K, 0% used [0x00000000e0000000,0x00000000e0000000,0x00000000e9080000)
  from space 12800K, 74% used [0x00000000e9d80000,0x00000000ea6c37a0,0x00000000eaa00000)
  to   space 13312K, 0% used [0x00000000e9080000,0x00000000e9080000,0x00000000e9d80000)
 ParOldGen       total 64512K, used 9906K [0x00000000a0000000, 0x00000000a3f00000, 0x00000000e0000000)
  object space 64512K, 15% used [0x00000000a0000000,0x00000000a09aca50,0x00000000a3f00000)
 Metaspace       used 34585K, capacity 35214K, committed 35416K, reserved 1079296K
  class space    used 4742K, capacity 4937K, committed 4992K, reserved 1048576K
}
Event: 6.245 GC heap before
{Heap before GC invocations=10 (full 2):
 PSYoungGen      total 160768K, used 9485K [0x00000000e0000000, 0x00000000edb80000, 0x0000000100000000)
  eden space 147968K, 0% used [0x00000000e0000000,0x00000000e0000000,0x00000000e9080000)
  from space 12800K, 74% used [0x00000000e9d80000,0x00000000ea6c37a0,0x00000000eaa00000)
  to   space 13312K, 0% used [0x00000000e9080000,0x00000000e9080000,0x00000000e9d80000)
 ParOldGen       total 64512K, used 9906K [0x00000000a0000000, 0x00000000a3f00000, 0x00000000e0000000)
  object space 64512K, 15% used [0x00000000a0000000,0x00000000a09aca50,0x00000000a3f00000)
 Metaspace       used 34585K, capacity 35214K, committed 35416K, reserved 1079296K
  class space    used 4742K, capacity 4937K, committed 4992K, reserved 1048576K
Event: 6.364 GC heap after
Heap after GC invocations=10 (full 2):
 PSYoungGen      total 160768K, used 0K [0x00000000e0000000, 0x00000000edb80000, 0x0000000100000000)
  eden space 147968K, 0% used [0x00000000e0000000,0x00000000e0000000,0x00000000e9080000)
  from space 12800K, 0% used [0x00000000e9d80000,0x00000000e9d80000,0x00000000eaa00000)
  to   space 13312K, 0% used [0x00000000e9080000,0x00000000e9080000,0x00000000e9d80000)
 ParOldGen       total 64512K, used 16271K [0x00000000a0000000, 0x00000000a3f00000, 0x00000000e0000000)
  object space 64512K, 25% used [0x00000000a0000000,0x00000000a0fe3f58,0x00000000a3f00000)
 Metaspace       used 34584K, capacity 35208K, committed 35416K, reserved 1079296K
  class space    used 4742K, capacity 4936K, committed 4992K, reserved 1048576K
}

Deoptimization events (10 events):
Event: 5.837 Thread 0x0000000019043800 Uncommon trap: reason=unstable_if action=reinterpret pc=0x0000000002f38590 method=org.codehaus.groovy.reflection.CachedMethod.compareToMethod(Ljava/lang/reflect/Method;)I @ 111
Event: 6.109 Thread 0x0000000019043800 Uncommon trap: reason=bimorphic action=maybe_recompile pc=0x0000000002cd97ec method=java.lang.ClassLoader.getPackage(Ljava/lang/String;)Ljava/lang/Package; @ 47
Event: 6.114 Thread 0x0000000019043800 Uncommon trap: reason=bimorphic action=maybe_recompile pc=0x0000000002cd97ec method=java.lang.ClassLoader.getPackage(Ljava/lang/String;)Ljava/lang/Package; @ 47
Event: 6.118 Thread 0x0000000019043800 Uncommon trap: reason=bimorphic action=maybe_recompile pc=0x0000000002cd97ec method=java.lang.ClassLoader.getPackage(Ljava/lang/String;)Ljava/lang/Package; @ 47
Event: 6.120 Thread 0x0000000019043800 Uncommon trap: reason=bimorphic action=maybe_recompile pc=0x0000000002cd97ec method=java.lang.ClassLoader.getPackage(Ljava/lang/String;)Ljava/lang/Package; @ 47
Event: 6.120 Thread 0x0000000019043800 Uncommon trap: reason=bimorphic action=maybe_recompile pc=0x0000000002c9ae1c method=java.lang.ClassLoader.getPackage(Ljava/lang/String;)Ljava/lang/Package; @ 47
Event: 6.197 Thread 0x0000000019043800 Uncommon trap: reason=class_check action=maybe_recompile pc=0x0000000002e78960 method=java.io.BufferedInputStream.read1([BII)I @ 39
Event: 6.197 Thread 0x0000000019043800 Uncommon trap: reason=class_check action=maybe_recompile pc=0x0000000002e78960 method=java.io.BufferedInputStream.read1([BII)I @ 39
Event: 6.197 Thread 0x0000000019043800 Uncommon trap: reason=class_check action=maybe_recompile pc=0x0000000002e78960 method=java.io.BufferedInputStream.read1([BII)I @ 39
Event: 6.198 Thread 0x0000000019043800 Uncommon trap: reason=unstable_if action=reinterpret pc=0x0000000002d6d590 method=java.util.regex.Pattern.has(I)Z @ 6

Classes redefined (0 events):
No events

Internal exceptions (10 events):
Event: 6.103 Thread 0x0000000019043800 Exception <a 'java/security/PrivilegedActionException'> (0x00000000e14ec770) thrown at [D:\src\AOSP-openjdk-cygwin\jdk8u\hotspot\src\share\vm\prims\jvm.cpp, line 1390]
Event: 6.103 Thread 0x0000000019043800 Exception <a 'java/security/PrivilegedActionException'> (0x00000000e14ed308) thrown at [D:\src\AOSP-openjdk-cygwin\jdk8u\hotspot\src\share\vm\prims\jvm.cpp, line 1390]
Event: 6.103 Thread 0x0000000019043800 Exception <a 'java/security/PrivilegedActionException'> (0x00000000e14f7af0) thrown at [D:\src\AOSP-openjdk-cygwin\jdk8u\hotspot\src\share\vm\prims\jvm.cpp, line 1390]
Event: 6.103 Thread 0x0000000019043800 Exception <a 'java/security/PrivilegedActionException'> (0x00000000e14f8688) thrown at [D:\src\AOSP-openjdk-cygwin\jdk8u\hotspot\src\share\vm\prims\jvm.cpp, line 1390]
Event: 6.103 Thread 0x0000000019043800 Exception <a 'java/security/PrivilegedActionException'> (0x00000000e14fb258) thrown at [D:\src\AOSP-openjdk-cygwin\jdk8u\hotspot\src\share\vm\prims\jvm.cpp, line 1390]
Event: 6.104 Thread 0x0000000019043800 Exception <a 'java/security/PrivilegedActionException'> (0x00000000e14fbdf0) thrown at [D:\src\AOSP-openjdk-cygwin\jdk8u\hotspot\src\share\vm\prims\jvm.cpp, line 1390]
Event: 6.104 Thread 0x0000000019043800 Exception <a 'java/security/PrivilegedActionException'> (0x00000000e14feba0) thrown at [D:\src\AOSP-openjdk-cygwin\jdk8u\hotspot\src\share\vm\prims\jvm.cpp, line 1390]
Event: 6.104 Thread 0x0000000019043800 Exception <a 'java/security/PrivilegedActionException'> (0x00000000e14ff738) thrown at [D:\src\AOSP-openjdk-cygwin\jdk8u\hotspot\src\share\vm\prims\jvm.cpp, line 1390]
Event: 6.105 Thread 0x0000000019043800 Exception <a 'java/lang/ClassNotFoundException': org/gradle/api/internal/plugins/DefaultObjectConfigurationActionBeanInfo> (0x00000000e15134c8) thrown at [D:\src\AOSP-openjdk-cygwin\jdk8u\hotspot\src\share\vm\classfile\systemDictionary.cpp, line 210]
Event: 6.106 Thread 0x0000000019043800 Exception <a 'java/lang/ClassNotFoundException': org/gradle/api/internal/plugins/DefaultObjectConfigurationActionCustomizer> (0x00000000e155dff0) thrown at [D:\src\AOSP-openjdk-cygwin\jdk8u\hotspot\src\share\vm\classfile\systemDictionary.cpp, line 210]

Events (10 events):
Event: 6.392 loading class com/android/build/gradle/internal/EarlyDependencyResolutionListener
Event: 6.392 loading class com/android/build/gradle/internal/EarlyDependencyResolutionListener done
Event: 6.392 loading class org/gradle/api/artifacts/DependencyResolutionListener
Event: 6.392 loading class org/gradle/api/artifacts/DependencyResolutionListener done
Event: 6.393 loading class org/gradle/BuildAdapter
Event: 6.393 loading class org/gradle/BuildAdapter done
Event: 6.393 loading class org/apache/commons/lang/ClassUtils
Event: 6.393 loading class org/apache/commons/lang/ClassUtils done
Event: 6.394 loading class org/apache/commons/lang/NullArgumentException
Event: 6.394 loading class org/apache/commons/lang/NullArgumentException done


Dynamic libraries:
0x00007ff7faba0000 - 0x00007ff7fabd1000 	C:\Program Files\Android\Android Studio\jre\bin\java.exe
0x00007ffdc7a20000 - 0x00007ffdc7c01000 	C:\WINDOWS\SYSTEM32\ntdll.dll
0x00007ffdc5380000 - 0x00007ffdc5431000 	C:\WINDOWS\System32\KERNEL32.DLL
0x00007ffdc4640000 - 0x00007ffdc48b3000 	C:\WINDOWS\System32\KERNELBASE.dll
0x00007ffdc5440000 - 0x00007ffdc54e1000 	C:\WINDOWS\System32\ADVAPI32.dll
0x00007ffdc58a0000 - 0x00007ffdc593e000 	C:\WINDOWS\System32\msvcrt.dll
0x00007ffdc5ca0000 - 0x00007ffdc5cfb000 	C:\WINDOWS\System32\sechost.dll
0x00007ffdc76c0000 - 0x00007ffdc77e4000 	C:\WINDOWS\System32\RPCRT4.dll
0x00007ffdc77f0000 - 0x00007ffdc7980000 	C:\WINDOWS\System32\USER32.dll
0x00007ffdc4620000 - 0x00007ffdc4640000 	C:\WINDOWS\System32\win32u.dll
0x00007ffdc7350000 - 0x00007ffdc7378000 	C:\WINDOWS\System32\GDI32.dll
0x00007ffdc4c00000 - 0x00007ffdc4d91000 	C:\WINDOWS\System32\gdi32full.dll
0x00007ffdc3df0000 - 0x00007ffdc3e8f000 	C:\WINDOWS\System32\msvcp_win.dll
0x00007ffdc4b00000 - 0x00007ffdc4bf8000 	C:\WINDOWS\System32\ucrtbase.dll
0x00007ffdb2f10000 - 0x00007ffdb3179000 	C:\WINDOWS\WinSxS\amd64_microsoft.windows.common-controls_6595b64144ccf1df_6.0.17134.829_none_fb46a5473061b9d5\COMCTL32.dll
0x00007ffdc7380000 - 0x00007ffdc76a2000 	C:\WINDOWS\System32\combase.dll
0x00007ffdc3e90000 - 0x00007ffdc3f0a000 	C:\WINDOWS\System32\bcryptPrimitives.dll
0x00007ffdc5690000 - 0x00007ffdc56bd000 	C:\WINDOWS\System32\IMM32.DLL
0x0000000058ad0000 - 0x0000000058ba2000 	C:\Program Files\Android\Android Studio\jre\jre\bin\msvcr100.dll
0x0000000058c80000 - 0x00000000594c1000 	C:\Program Files\Android\Android Studio\jre\jre\bin\server\jvm.dll
0x00007ffdc79e0000 - 0x00007ffdc79e8000 	C:\WINDOWS\System32\PSAPI.DLL
0x00007ffdc2920000 - 0x00007ffdc2929000 	C:\WINDOWS\SYSTEM32\WSOCK32.dll
0x00007ffdc5c30000 - 0x00007ffdc5c9c000 	C:\WINDOWS\System32\WS2_32.dll
0x00007ffdbf120000 - 0x00007ffdbf143000 	C:\WINDOWS\SYSTEM32\WINMM.dll
0x00007ffdbfef0000 - 0x00007ffdbfefa000 	C:\WINDOWS\SYSTEM32\VERSION.dll
0x00007ffdbf0f0000 - 0x00007ffdbf11a000 	C:\WINDOWS\SYSTEM32\WINMMBASE.dll
0x00007ffdc4ab0000 - 0x00007ffdc4af9000 	C:\WINDOWS\System32\cfgmgr32.dll
0x00007ffda3660000 - 0x00007ffda366f000 	C:\Program Files\Android\Android Studio\jre\jre\bin\verify.dll
0x00007ffda3630000 - 0x00007ffda3659000 	C:\Program Files\Android\Android Studio\jre\jre\bin\java.dll
0x00007ffda3590000 - 0x00007ffda35a6000 	C:\Program Files\Android\Android Studio\jre\jre\bin\zip.dll
0x00007ffdc5f10000 - 0x00007ffdc7350000 	C:\WINDOWS\System32\SHELL32.dll
0x00007ffdc5d00000 - 0x00007ffdc5da9000 	C:\WINDOWS\System32\shcore.dll
0x00007ffdc3f10000 - 0x00007ffdc461d000 	C:\WINDOWS\System32\windows.storage.dll
0x00007ffdc7980000 - 0x00007ffdc79d1000 	C:\WINDOWS\System32\shlwapi.dll
0x00007ffdc3da0000 - 0x00007ffdc3db1000 	C:\WINDOWS\System32\kernel.appcore.dll
0x00007ffdc3dc0000 - 0x00007ffdc3ddf000 	C:\WINDOWS\System32\profapi.dll
0x00007ffdc3d30000 - 0x00007ffdc3d7c000 	C:\WINDOWS\System32\powrprof.dll
0x00007ffdc3de0000 - 0x00007ffdc3dea000 	C:\WINDOWS\System32\FLTLIB.DLL
0x00007ffd96c90000 - 0x00007ffd96caa000 	C:\Program Files\Android\Android Studio\jre\jre\bin\net.dll
0x00007ffdc3550000 - 0x00007ffdc35b6000 	C:\WINDOWS\system32\mswsock.dll
0x00007ffdb9ae0000 - 0x00007ffdb9af1000 	C:\Program Files\Android\Android Studio\jre\jre\bin\nio.dll
0x00007ffda7500000 - 0x00007ffda751e000 	C:\Users\ASUS\.gradle\native\25\windows-amd64\native-platform.dll
0x00007ffdb9aa0000 - 0x00007ffdb9aad000 	C:\Program Files\Android\Android Studio\jre\jre\bin\management.dll
0x00007ffdc3700000 - 0x00007ffdc3717000 	C:\WINDOWS\SYSTEM32\CRYPTSP.dll
0x00007ffdc3140000 - 0x00007ffdc3173000 	C:\WINDOWS\system32\rsaenh.dll
0x00007ffdc3830000 - 0x00007ffdc3855000 	C:\WINDOWS\SYSTEM32\bcrypt.dll
0x00007ffdc3c30000 - 0x00007ffdc3c58000 	C:\WINDOWS\SYSTEM32\USERENV.dll
0x00007ffdc3720000 - 0x00007ffdc372b000 	C:\WINDOWS\SYSTEM32\CRYPTBASE.dll
0x00007ffdc32e0000 - 0x00007ffdc3318000 	C:\WINDOWS\SYSTEM32\IPHLPAPI.DLL
0x00007ffdc76b0000 - 0x00007ffdc76b8000 	C:\WINDOWS\System32\NSI.dll
0x00007ffdbb000000 - 0x00007ffdbb016000 	C:\WINDOWS\SYSTEM32\dhcpcsvc6.DLL
0x00007ffdb9a70000 - 0x00007ffdb9a8a000 	C:\WINDOWS\SYSTEM32\dhcpcsvc.DLL

VM Arguments:
jvm_args: -Xmx1536m -Dfile.encoding=windows-1251 -Duser.country=RU -Duser.language=ru -Duser.variant 
java_command: org.gradle.launcher.daemon.bootstrap.GradleDaemon 5.1.1
java_class_path (initial): C:\Users\ASUS\.gradle\wrapper\dists\gradle-5.1.1-all\97z1ksx6lirer3kbvdnh7jtjg\gradle-5.1.1\lib\gradle-launcher-5.1.1.jar
Launcher Type: SUN_STANDARD

Environment Variables:
PATH=C:\Program Files (x86)\Common Files\Oracle\Java\javapath;C:\ProgramData\Oracle\Java\javapath;C:\Program Files (x86)\Intel\iCLS Client\;C:\Program Files\Intel\iCLS Client\;C:\Windows\system32;C:\Windows;C:\Windows\System32\Wbem;C:\Windows\System32\WindowsPowerShell\v1.0\;C:\Program Files (x86)\NVIDIA Corporation\PhysX\Common;C:\Program Files (x86)\Intel\Intel(R) Management Engine Components\DAL;C:\Program Files\Intel\Intel(R) Management Engine Components\DAL;C:\Program Files (x86)\Intel\Intel(R) Management Engine Components\IPT;C:\Program Files\Intel\Intel(R) Management Engine Components\IPT;C:\WINDOWS\system32;C:\WINDOWS;C:\WINDOWS\System32\Wbem;C:\WINDOWS\System32\WindowsPowerShell\v1.0\;C:\Program Files (x86)\GtkSharp\2.12\bin;C:\WINDOWS\System32\OpenSSH\;C:\Program Files (x86)\Brackets\command;C:\Program Files\Git\cmd;C:\Users\ASUS\Anaconda3;C:\Users\ASUS\Anaconda3\Library\mingw-w64\bin;C:\Users\ASUS\Anaconda3\Library\usr\bin;C:\Users\ASUS\Anaconda3\Library\bin;C:\Users\ASUS\Anaconda3\Scripts;C:\Users\ASUS\AppData\Local\Microsoft\WindowsApps;C:\Program Files\Java\jdk-10.0.1\bin
USERNAME=ASUS
OS=Windows_NT
PROCESSOR_IDENTIFIER=Intel64 Family 6 Model 142 Stepping 9, GenuineIntel



---------------  S Y S T E M  ---------------

OS: Windows 10.0 , 64 bit Build 17134 (10.0.17134.753)

CPU:total 4 (initial active 4) (2 cores per cpu, 2 threads per core) family 6 model 142 stepping 9, cmov, cx8, fxsr, mmx, sse, sse2, sse3, ssse3, sse4.1, sse4.2, popcnt, avx, avx2, aes, clmul, erms, 3dnowpref, lzcnt, ht, tsc, tscinvbit, bmi1, bmi2, adx

Memory: 4k page, physical 8266224k(521744k free), swap 8266224k(5224k free)

vm_info: OpenJDK 64-Bit Server VM (25.152-b01) for windows-amd64 JRE (1.8.0_152-release-1248-b01), built by "builder" with MS VC++ 10.0 (VS2010)

time: Sun Jul 07 06:27:08 2019
elapsed time: 6 seconds (0d 0h 0m 6s)

