#
# There is insufficient memory for the Java Runtime Environment to continue.
# Native memory allocation (malloc) failed to allocate 32744 bytes for ChunkPool::allocate
# Possible reasons:
#   The system is out of physical RAM or swap space
#   In 32 bit mode, the process size limit was hit
# Possible solutions:
#   Reduce memory load on the system
#   Increase physical memory or swap space
#   Check if swap backing store is full
#   Use 64 bit Java on a 64 bit OS
#   Decrease Java heap size (-Xmx/-Xms)
#   Decrease number of Java threads
#   Decrease Java thread stack sizes (-Xss)
#   Set larger code cache with -XX:ReservedCodeCacheSize=
# This output file may be truncated or incomplete.
#
#  Out of Memory Error (allocation.cpp:273), pid=7548, tid=0x00000000000020a4
#
# JRE version: OpenJDK Runtime Environment (8.0_152-b01) (build 1.8.0_152-release-1248-b01)
# Java VM: OpenJDK 64-Bit Server VM (25.152-b01 mixed mode windows-amd64 compressed oops)
# Failed to write core dump. Minidumps are not enabled by default on client versions of Windows
#

---------------  T H R E A D  ---------------

Current thread (0x0000000016bb4800):  JavaThread "C1 CompilerThread2" daemon [_thread_in_native, id=8356, stack(0x0000000018410000,0x0000000018510000)]

Stack: [0x0000000018410000,0x0000000018510000]
[error occurred during error reporting (printing stack bounds), id 0xc0000005]

Native frames: (J=compiled Java code, j=interpreted, Vv=VM code, C=native code)


Current CompileTask:
C1:  54740 5990   !   3       org.codehaus.groovy.antlr.parser.GroovyLexer::nextToken (2683 bytes)


---------------  P R O C E S S  ---------------

Java Threads: ( => current thread )
  0x000000001cf92800 JavaThread "Build operations Thread 4" [_thread_blocked, id=9464, stack(0x0000000022800000,0x0000000022900000)]
  0x000000001cf97000 JavaThread "Build operations Thread 3" [_thread_blocked, id=7124, stack(0x0000000022700000,0x0000000022800000)]
  0x000000001cf8f800 JavaThread "Build operations Thread 2" [_thread_blocked, id=4412, stack(0x0000000022600000,0x0000000022700000)]
  0x000000001cf96800 JavaThread "Build operations" [_thread_blocked, id=7232, stack(0x0000000022500000,0x0000000022600000)]
  0x000000001cf95800 JavaThread "Cache worker for execution history cache (C:\Users\ASUS\.gradle\caches\5.1.1\executionHistory)" [_thread_blocked, id=4584, stack(0x0000000021d00000,0x0000000021e00000)]
  0x000000001cf90000 JavaThread "Cache worker for cache directory md-rule (C:\Users\ASUS\.gradle\caches\5.1.1\md-rule)" [_thread_blocked, id=6496, stack(0x0000000021c00000,0x0000000021d00000)]
  0x0000000018e31000 JavaThread "Cache worker for cache directory md-supplier (C:\Users\ASUS\.gradle\caches\5.1.1\md-supplier)" [_thread_blocked, id=5272, stack(0x000000001eef0000,0x000000001eff0000)]
  0x0000000018e31800 JavaThread "Cache worker for file hash cache (C:\Users\ASUS\Desktop\Method\FlyArystan_MethodPro\.gradle\5.1.1\fileHashes)" [_thread_blocked, id=1380, stack(0x000000001e6f0000,0x000000001e7f0000)]
  0x0000000018e2d000 JavaThread "Cache worker for journal cache (C:\Users\ASUS\.gradle\caches\journal-1)" [_thread_blocked, id=5148, stack(0x000000001b680000,0x000000001b780000)]
  0x0000000018e2e800 JavaThread "File lock request listener" [_thread_in_native, id=8228, stack(0x000000001b580000,0x000000001b680000)]
  0x0000000018d36800 JavaThread "Cache worker for file hash cache (C:\Users\ASUS\.gradle\caches\5.1.1\fileHashes)" [_thread_blocked, id=2524, stack(0x000000001b480000,0x000000001b580000)]
  0x0000000018e8e800 JavaThread "Thread-8" [_thread_blocked, id=6368, stack(0x000000001b380000,0x000000001b480000)]
  0x0000000018e8b800 JavaThread "Stdin handler" [_thread_blocked, id=6244, stack(0x000000001b280000,0x000000001b380000)]
  0x000000001852e000 JavaThread "Asynchronous log dispatcher for DefaultDaemonConnection: socket connection from /127.0.0.1:5601 to /127.0.0.1:5602" [_thread_blocked, id=8184, stack(0x000000001b180000,0x000000001b280000)]
  0x0000000018f92800 JavaThread "Daemon worker" [_thread_in_vm, id=9972, stack(0x000000001b080000,0x000000001b180000)]
  0x0000000018f90800 JavaThread "Cancel handler" [_thread_blocked, id=9676, stack(0x000000001af80000,0x000000001b080000)]
  0x0000000019bae800 JavaThread "Handler for socket connection from /127.0.0.1:5601 to /127.0.0.1:5602" [_thread_in_native, id=5360, stack(0x000000001ac80000,0x000000001ad80000)]
  0x0000000019bab800 JavaThread "Daemon" [_thread_blocked, id=5648, stack(0x000000001ab80000,0x000000001ac80000)]
  0x0000000019bb5800 JavaThread "Daemon periodic checks" [_thread_blocked, id=544, stack(0x000000001aa80000,0x000000001ab80000)]
  0x0000000019b65000 JavaThread "Incoming local TCP Connector on port 5601" [_thread_in_native, id=10028, stack(0x000000001a840000,0x000000001a940000)]
  0x0000000016c0e800 JavaThread "Service Thread" daemon [_thread_blocked, id=5784, stack(0x0000000018910000,0x0000000018a10000)]
=>0x0000000016bb4800 JavaThread "C1 CompilerThread2" daemon [_thread_in_native, id=8356, stack(0x0000000018410000,0x0000000018510000)]
  0x0000000016bb1000 JavaThread "C2 CompilerThread1" daemon [_thread_in_native, id=4508, stack(0x0000000018310000,0x0000000018410000)]
  0x0000000016bad000 JavaThread "C2 CompilerThread0" daemon [_thread_in_vm, id=4388, stack(0x0000000018210000,0x0000000018310000)]
  0x0000000016bab800 JavaThread "Attach Listener" daemon [_thread_blocked, id=9544, stack(0x0000000018110000,0x0000000018210000)]
  0x0000000016baa800 JavaThread "Signal Dispatcher" daemon [_thread_blocked, id=2784, stack(0x0000000018010000,0x0000000018110000)]
  0x000000000321d000 JavaThread "Finalizer" daemon [_thread_blocked, id=5988, stack(0x0000000017e00000,0x0000000017f00000)]
  0x0000000003212000 JavaThread "Reference Handler" daemon [_thread_blocked, id=6752, stack(0x0000000017d00000,0x0000000017e00000)]
  0x000000000144e800 JavaThread "main" [_thread_blocked, id=9768, stack(0x0000000003020000,0x0000000003120000)]

Other Threads:
  0x0000000016b75800 VMThread [stack: 0x0000000017c00000,0x0000000017d00000] [id=7100]
  0x000000001854d000 WatcherThread [stack: 0x0000000018a10000,0x0000000018b10000] [id=7028]

VM state:not at safepoint (normal execution)

VM Mutex/Monitor currently owned by a thread: None

Heap:
 PSYoungGen      total 169984K, used 56811K [0x00000000e0000000, 0x00000000ed880000, 0x0000000100000000)
  eden space 156160K, 31% used [0x00000000e0000000,0x00000000e2fdbb78,0x00000000e9880000)
  from space 13824K, 56% used [0x00000000e9880000,0x00000000ea01f270,0x00000000ea600000)
  to   space 13312K, 0% used [0x00000000ecb80000,0x00000000ecb80000,0x00000000ed880000)
 ParOldGen       total 87040K, used 19106K [0x00000000a0000000, 0x00000000a5500000, 0x00000000e0000000)
  object space 87040K, 21% used [0x00000000a0000000,0x00000000a12a88c0,0x00000000a5500000)
 Metaspace       used 43991K, capacity 44882K, committed 45184K, reserved 1089536K
  class space    used 5664K, capacity 5889K, committed 6016K, reserved 1048576K

Card table byte_map: [0x00000000125e0000,0x00000000128f0000] byte_map_base: 0x00000000120e0000

Marking Bits: (ParMarkBitMap*) 0x0000000059445aa0
 Begin Bits: [0x0000000012ef0000, 0x00000000146f0000)
 End Bits:   [0x00000000146f0000, 0x0000000015ef0000)

Polling page: 0x0000000001430000

CodeCache: size=245760Kb used=17847Kb max_used=18136Kb free=227912Kb
 bounds [0x0000000003220000, 0x00000000043f0000, 0x0000000012220000]
 total_blobs=6012 nmethods=5242 adapters=683
 compilation: enabled

Compilation events (10 events):
Event: 54.667 Thread 0x0000000016bad000 5982       4       groovyjarjarantlr.ASTPair::<init> (5 bytes)
Event: 54.667 Thread 0x0000000016bb4800 5983       3       groovyjarjarantlr.CharScanner::resetText (37 bytes)
Event: 54.668 Thread 0x0000000016bad000 nmethod 5982 0x000000000338a0d0 code [0x000000000338a200, 0x000000000338a258]
Event: 54.668 Thread 0x0000000016bb4800 nmethod 5983 0x0000000003729110 code [0x00000000037292a0, 0x00000000037296c8]
Event: 54.668 Thread 0x0000000016bb4800 5984       3       org.codehaus.groovy.antlr.parser.GroovyRecognizer::primaryExpression (922 bytes)
Event: 54.671 Thread 0x0000000016bb4800 nmethod 5984 0x0000000003afd1d0 code [0x0000000003afd820, 0x0000000003b01bc8]
Event: 54.671 Thread 0x0000000016bb4800 5990   !   3       org.codehaus.groovy.antlr.parser.GroovyLexer::nextToken (2683 bytes)
Event: 54.675 Thread 0x0000000016bad000 5991       4       groovyjarjarantlr.ANTLRStringBuffer::append (92 bytes)
Event: 54.676 Thread 0x0000000016bb1000 5992       4       groovyjarjarantlr.ASTFactory::addASTChild (59 bytes)
Event: 54.679 Thread 0x0000000016bb1000 nmethod 5992 0x00000000034865d0 code [0x0000000003486720, 0x0000000003486918]

GC Heap History (10 events):
Event: 22.366 GC heap before
{Heap before GC invocations=9 (full 2):
 PSYoungGen      total 129024K, used 11769K [0x00000000e0000000, 0x00000000e9600000, 0x0000000100000000)
  eden space 117248K, 0% used [0x00000000e0000000,0x00000000e0000000,0x00000000e7280000)
  from space 11776K, 99% used [0x00000000e7f00000,0x00000000e8a7e5b8,0x00000000e8a80000)
  to   space 8704K, 0% used [0x00000000e8d80000,0x00000000e8d80000,0x00000000e9600000)
 ParOldGen       total 56320K, used 10363K [0x00000000a0000000, 0x00000000a3700000, 0x00000000e0000000)
  object space 56320K, 18% used [0x00000000a0000000,0x00000000a0a1efa0,0x00000000a3700000)
 Metaspace       used 34792K, capacity 35318K, committed 35456K, reserved 1079296K
  class space    used 4681K, capacity 4886K, committed 4992K, reserved 1048576K
Event: 22.451 GC heap after
Heap after GC invocations=9 (full 2):
 PSYoungGen      total 129024K, used 0K [0x00000000e0000000, 0x00000000e9600000, 0x0000000100000000)
  eden space 117248K, 0% used [0x00000000e0000000,0x00000000e0000000,0x00000000e7280000)
  from space 11776K, 0% used [0x00000000e7f00000,0x00000000e7f00000,0x00000000e8a80000)
  to   space 8704K, 0% used [0x00000000e8d80000,0x00000000e8d80000,0x00000000e9600000)
 ParOldGen       total 87040K, used 18446K [0x00000000a0000000, 0x00000000a5500000, 0x00000000e0000000)
  object space 87040K, 21% used [0x00000000a0000000,0x00000000a1203800,0x00000000a5500000)
 Metaspace       used 34776K, capacity 35300K, committed 35456K, reserved 1079296K
  class space    used 4676K, capacity 4880K, committed 4992K, reserved 1048576K
}
Event: 34.284 GC heap before
{Heap before GC invocations=10 (full 2):
 PSYoungGen      total 129024K, used 117248K [0x00000000e0000000, 0x00000000e9600000, 0x0000000100000000)
  eden space 117248K, 100% used [0x00000000e0000000,0x00000000e7280000,0x00000000e7280000)
  from space 11776K, 0% used [0x00000000e7f00000,0x00000000e7f00000,0x00000000e8a80000)
  to   space 8704K, 0% used [0x00000000e8d80000,0x00000000e8d80000,0x00000000e9600000)
 ParOldGen       total 87040K, used 18446K [0x00000000a0000000, 0x00000000a5500000, 0x00000000e0000000)
  object space 87040K, 21% used [0x00000000a0000000,0x00000000a1203800,0x00000000a5500000)
 Metaspace       used 42236K, capacity 43084K, committed 43264K, reserved 1087488K
  class space    used 5541K, capacity 5794K, committed 5888K, reserved 1048576K
Event: 34.297 GC heap after
Heap after GC invocations=10 (full 2):
 PSYoungGen      total 140288K, used 8682K [0x00000000e0000000, 0x00000000eb980000, 0x0000000100000000)
  eden space 131584K, 0% used [0x00000000e0000000,0x00000000e0000000,0x00000000e8080000)
  from space 8704K, 99% used [0x00000000e8d80000,0x00000000e95faae0,0x00000000e9600000)
  to   space 13312K, 0% used [0x00000000e8080000,0x00000000e8080000,0x00000000e8d80000)
 ParOldGen       total 87040K, used 19082K [0x00000000a0000000, 0x00000000a5500000, 0x00000000e0000000)
  object space 87040K, 21% used [0x00000000a0000000,0x00000000a12a28c0,0x00000000a5500000)
 Metaspace       used 42236K, capacity 43084K, committed 43264K, reserved 1087488K
  class space    used 5541K, capacity 5794K, committed 5888K, reserved 1048576K
}
Event: 35.317 GC heap before
{Heap before GC invocations=11 (full 2):
 PSYoungGen      total 140288K, used 140266K [0x00000000e0000000, 0x00000000eb980000, 0x0000000100000000)
  eden space 131584K, 100% used [0x00000000e0000000,0x00000000e8080000,0x00000000e8080000)
  from space 8704K, 99% used [0x00000000e8d80000,0x00000000e95faae0,0x00000000e9600000)
  to   space 13312K, 0% used [0x00000000e8080000,0x00000000e8080000,0x00000000e8d80000)
 ParOldGen       total 87040K, used 19082K [0x00000000a0000000, 0x00000000a5500000, 0x00000000e0000000)
  object space 87040K, 21% used [0x00000000a0000000,0x00000000a12a28c0,0x00000000a5500000)
 Metaspace       used 42257K, capacity 43084K, committed 43264K, reserved 1087488K
  class space    used 5541K, capacity 5794K, committed 5888K, reserved 1048576K
Event: 35.322 GC heap after
Heap after GC invocations=11 (full 2):
 PSYoungGen      total 144896K, used 5569K [0x00000000e0000000, 0x00000000eb680000, 0x0000000100000000)
  eden space 131584K, 0% used [0x00000000e0000000,0x00000000e0000000,0x00000000e8080000)
  from space 13312K, 41% used [0x00000000e8080000,0x00000000e85f0630,0x00000000e8d80000)
  to   space 13312K, 0% used [0x00000000ea980000,0x00000000ea980000,0x00000000eb680000)
 ParOldGen       total 87040K, used 19090K [0x00000000a0000000, 0x00000000a5500000, 0x00000000e0000000)
  object space 87040K, 21% used [0x00000000a0000000,0x00000000a12a48c0,0x00000000a5500000)
 Metaspace       used 42257K, capacity 43084K, committed 43264K, reserved 1087488K
  class space    used 5541K, capacity 5794K, committed 5888K, reserved 1048576K
}
Event: 53.232 GC heap before
{Heap before GC invocations=12 (full 2):
 PSYoungGen      total 144896K, used 137153K [0x00000000e0000000, 0x00000000eb680000, 0x0000000100000000)
  eden space 131584K, 100% used [0x00000000e0000000,0x00000000e8080000,0x00000000e8080000)
  from space 13312K, 41% used [0x00000000e8080000,0x00000000e85f0630,0x00000000e8d80000)
  to   space 13312K, 0% used [0x00000000ea980000,0x00000000ea980000,0x00000000eb680000)
 ParOldGen       total 87040K, used 19090K [0x00000000a0000000, 0x00000000a5500000, 0x00000000e0000000)
  object space 87040K, 21% used [0x00000000a0000000,0x00000000a12a48c0,0x00000000a5500000)
 Metaspace       used 43842K, capacity 44690K, committed 44928K, reserved 1087488K
  class space    used 5664K, capacity 5889K, committed 6016K, reserved 1048576K
Event: 53.241 GC heap after
Heap after GC invocations=12 (full 2):
 PSYoungGen      total 165888K, used 9857K [0x00000000e0000000, 0x00000000eb380000, 0x0000000100000000)
  eden space 155648K, 0% used [0x00000000e0000000,0x00000000e0000000,0x00000000e9800000)
  from space 10240K, 96% used [0x00000000ea980000,0x00000000eb320480,0x00000000eb380000)
  to   space 13824K, 0% used [0x00000000e9880000,0x00000000e9880000,0x00000000ea600000)
 ParOldGen       total 87040K, used 19098K [0x00000000a0000000, 0x00000000a5500000, 0x00000000e0000000)
  object space 87040K, 21% used [0x00000000a0000000,0x00000000a12a68c0,0x00000000a5500000)
 Metaspace       used 43842K, capacity 44690K, committed 44928K, reserved 1087488K
  class space    used 5664K, capacity 5889K, committed 6016K, reserved 1048576K
}
Event: 54.346 GC heap before
{Heap before GC invocations=13 (full 2):
 PSYoungGen      total 165888K, used 165505K [0x00000000e0000000, 0x00000000eb380000, 0x0000000100000000)
  eden space 155648K, 100% used [0x00000000e0000000,0x00000000e9800000,0x00000000e9800000)
  from space 10240K, 96% used [0x00000000ea980000,0x00000000eb320480,0x00000000eb380000)
  to   space 13824K, 0% used [0x00000000e9880000,0x00000000e9880000,0x00000000ea600000)
 ParOldGen       total 87040K, used 19098K [0x00000000a0000000, 0x00000000a5500000, 0x00000000e0000000)
  object space 87040K, 21% used [0x00000000a0000000,0x00000000a12a68c0,0x00000000a5500000)
 Metaspace       used 43853K, capacity 44754K, committed 44928K, reserved 1087488K
  class space    used 5664K, capacity 5889K, committed 6016K, reserved 1048576K
Event: 54.367 GC heap after
Heap after GC invocations=13 (full 2):
 PSYoungGen      total 169984K, used 7804K [0x00000000e0000000, 0x00000000ed880000, 0x0000000100000000)
  eden space 156160K, 0% used [0x00000000e0000000,0x00000000e0000000,0x00000000e9880000)
  from space 13824K, 56% used [0x00000000e9880000,0x00000000ea01f270,0x00000000ea600000)
  to   space 13312K, 0% used [0x00000000ecb80000,0x00000000ecb80000,0x00000000ed880000)
 ParOldGen       total 87040K, used 19106K [0x00000000a0000000, 0x00000000a5500000, 0x00000000e0000000)
  object space 87040K, 21% used [0x00000000a0000000,0x00000000a12a88c0,0x00000000a5500000)
 Metaspace       used 43853K, capacity 44754K, committed 44928K, reserved 1087488K
  class space    used 5664K, capacity 5889K, committed 6016K, reserved 1048576K
}

Deoptimization events (10 events):
Event: 45.755 Thread 0x0000000018f92800 Uncommon trap: reason=unstable_if action=reinterpret pc=0x000000000426e330 method=com.sun.org.apache.xerces.internal.impl.XMLScanner.scanExternalID([Ljava/lang/String;Z)V @ 190
Event: 45.755 Thread 0x0000000018f92800 Uncommon trap: reason=unstable_if action=reinterpret pc=0x0000000004103cb8 method=com.sun.org.apache.xerces.internal.impl.XMLEntityScanner.peekChar()I @ 14
Event: 46.626 Thread 0x0000000018f92800 Uncommon trap: reason=unstable_if action=reinterpret pc=0x000000000425a064 method=com.sun.org.apache.xerces.internal.impl.XMLEntityScanner.scanContent(Lcom/sun/org/apache/xerces/internal/xni/XMLString;)I @ 670
Event: 47.243 Thread 0x0000000018f92800 Uncommon trap: reason=unstable_if action=reinterpret pc=0x0000000004286ae4 method=com.sun.org.apache.xerces.internal.impl.XMLEntityScanner.peekChar()I @ 14
Event: 47.991 Thread 0x0000000018f92800 Uncommon trap: reason=unstable_if action=reinterpret pc=0x0000000003643ecc method=java.util.concurrent.ConcurrentHashMap.get(Ljava/lang/Object;)Ljava/lang/Object; @ 152
Event: 47.991 Thread 0x0000000018f92800 Uncommon trap: reason=bimorphic action=maybe_recompile pc=0x000000000402189c method=java.util.concurrent.ConcurrentHashMap.putVal(Ljava/lang/Object;Ljava/lang/Object;Z)Ljava/lang/Object; @ 192
Event: 51.428 Thread 0x000000001cf96800 Uncommon trap: reason=bimorphic action=maybe_recompile pc=0x00000000037d1d40 method=java.io.DataOutputStream.writeShort(I)V @ 12
Event: 54.304 Thread 0x0000000018f92800 Uncommon trap: reason=unstable_if action=reinterpret pc=0x0000000003f54914 method=java.util.zip.ZipInputStream.readLOC()Ljava/util/zip/ZipEntry; @ 192
Event: 54.304 Thread 0x0000000018f92800 Uncommon trap: reason=unstable_if action=reinterpret pc=0x0000000003f4a760 method=java.util.zip.ZipInputStream.readEnd(Ljava/util/zip/ZipEntry;)V @ 42
Event: 54.304 Thread 0x0000000018f92800 Uncommon trap: reason=unstable_if action=reinterpret pc=0x0000000003f5260c method=java.util.zip.ZipInputStream.readLOC()Ljava/util/zip/ZipEntry; @ 192

Classes redefined (0 events):
No events

Internal exceptions (10 events):
Event: 54.664 Thread 0x0000000018f92800 Exception <a 'java/security/PrivilegedActionException'> (0x00000000e2d748b0) thrown at [D:\src\AOSP-openjdk-cygwin\jdk8u\hotspot\src\share\vm\prims\jvm.cpp, line 1390]
Event: 54.665 Thread 0x0000000018f92800 Exception <a 'java/security/PrivilegedActionException'> (0x00000000e2d75630) thrown at [D:\src\AOSP-openjdk-cygwin\jdk8u\hotspot\src\share\vm\prims\jvm.cpp, line 1390]
Event: 54.665 Thread 0x0000000018f92800 Exception <a 'java/security/PrivilegedActionException'> (0x00000000e2d786c0) thrown at [D:\src\AOSP-openjdk-cygwin\jdk8u\hotspot\src\share\vm\prims\jvm.cpp, line 1390]
Event: 54.665 Thread 0x0000000018f92800 Exception <a 'java/security/PrivilegedActionException'> (0x00000000e2d79440) thrown at [D:\src\AOSP-openjdk-cygwin\jdk8u\hotspot\src\share\vm\prims\jvm.cpp, line 1390]
Event: 54.665 Thread 0x0000000018f92800 Exception <a 'java/security/PrivilegedActionException'> (0x00000000e2d83fb0) thrown at [D:\src\AOSP-openjdk-cygwin\jdk8u\hotspot\src\share\vm\prims\jvm.cpp, line 1390]
Event: 54.665 Thread 0x0000000018f92800 Exception <a 'java/security/PrivilegedActionException'> (0x00000000e2d84d30) thrown at [D:\src\AOSP-openjdk-cygwin\jdk8u\hotspot\src\share\vm\prims\jvm.cpp, line 1390]
Event: 54.665 Thread 0x0000000018f92800 Exception <a 'java/security/PrivilegedActionException'> (0x00000000e2d87cd0) thrown at [D:\src\AOSP-openjdk-cygwin\jdk8u\hotspot\src\share\vm\prims\jvm.cpp, line 1390]
Event: 54.665 Thread 0x0000000018f92800 Exception <a 'java/security/PrivilegedActionException'> (0x00000000e2d88a50) thrown at [D:\src\AOSP-openjdk-cygwin\jdk8u\hotspot\src\share\vm\prims\jvm.cpp, line 1390]
Event: 54.665 Thread 0x0000000018f92800 Exception <a 'java/security/PrivilegedActionException'> (0x00000000e2d8bbd0) thrown at [D:\src\AOSP-openjdk-cygwin\jdk8u\hotspot\src\share\vm\prims\jvm.cpp, line 1390]
Event: 54.665 Thread 0x0000000018f92800 Exception <a 'java/security/PrivilegedActionException'> (0x00000000e2d8c950) thrown at [D:\src\AOSP-openjdk-cygwin\jdk8u\hotspot\src\share\vm\prims\jvm.cpp, line 1390]

Events (10 events):
Event: 54.614 Thread 0x0000000016bb4800 flushing nmethod 0x0000000003d512d0
Event: 54.614 Thread 0x0000000016bb4800 flushing nmethod 0x0000000003d69e90
Event: 54.633 Thread 0x0000000016bb4800 flushing nmethod 0x0000000003d7ad50
Event: 54.633 Thread 0x0000000016bb4800 flushing nmethod 0x0000000003d83e90
Event: 54.634 Thread 0x0000000016bb4800 flushing nmethod 0x0000000003d8f910
Event: 54.634 Thread 0x0000000016bb4800 flushing nmethod 0x0000000003d9f690
Event: 54.634 Thread 0x0000000016bb4800 flushing nmethod 0x0000000003ded510
Event: 54.634 Thread 0x0000000016bb4800 flushing nmethod 0x0000000003dee310
Event: 54.634 Thread 0x0000000016bb4800 flushing nmethod 0x0000000003e409d0
Event: 54.647 Thread 0x0000000016bb4800 flushing nmethod 0x000000000407c710


Dynamic libraries:
0x00007ff7faba0000 - 0x00007ff7fabd1000 	C:\Program Files\Android\Android Studio\jre\bin\java.exe
0x00007ffdc7a20000 - 0x00007ffdc7c01000 	C:\WINDOWS\SYSTEM32\ntdll.dll
0x00007ffdc5380000 - 0x00007ffdc5431000 	C:\WINDOWS\System32\KERNEL32.DLL
0x00007ffdc4640000 - 0x00007ffdc48b3000 	C:\WINDOWS\System32\KERNELBASE.dll
0x00007ffdc5440000 - 0x00007ffdc54e1000 	C:\WINDOWS\System32\ADVAPI32.dll
0x00007ffdc58a0000 - 0x00007ffdc593e000 	C:\WINDOWS\System32\msvcrt.dll
0x00007ffdc5ca0000 - 0x00007ffdc5cfb000 	C:\WINDOWS\System32\sechost.dll
0x00007ffdc76c0000 - 0x00007ffdc77e4000 	C:\WINDOWS\System32\RPCRT4.dll
0x00007ffdc77f0000 - 0x00007ffdc7980000 	C:\WINDOWS\System32\USER32.dll
0x00007ffdc4620000 - 0x00007ffdc4640000 	C:\WINDOWS\System32\win32u.dll
0x00007ffdc7350000 - 0x00007ffdc7378000 	C:\WINDOWS\System32\GDI32.dll
0x00007ffdc4c00000 - 0x00007ffdc4d91000 	C:\WINDOWS\System32\gdi32full.dll
0x00007ffdc3df0000 - 0x00007ffdc3e8f000 	C:\WINDOWS\System32\msvcp_win.dll
0x00007ffdc4b00000 - 0x00007ffdc4bf8000 	C:\WINDOWS\System32\ucrtbase.dll
0x00007ffdb2f10000 - 0x00007ffdb3179000 	C:\WINDOWS\WinSxS\amd64_microsoft.windows.common-controls_6595b64144ccf1df_6.0.17134.829_none_fb46a5473061b9d5\COMCTL32.dll
0x00007ffdc7380000 - 0x00007ffdc76a2000 	C:\WINDOWS\System32\combase.dll
0x00007ffdc3e90000 - 0x00007ffdc3f0a000 	C:\WINDOWS\System32\bcryptPrimitives.dll
0x00007ffdc5690000 - 0x00007ffdc56bd000 	C:\WINDOWS\System32\IMM32.DLL
0x0000000058ad0000 - 0x0000000058ba2000 	C:\Program Files\Android\Android Studio\jre\jre\bin\msvcr100.dll
0x0000000058c80000 - 0x00000000594c1000 	C:\Program Files\Android\Android Studio\jre\jre\bin\server\jvm.dll
0x00007ffdc79e0000 - 0x00007ffdc79e8000 	C:\WINDOWS\System32\PSAPI.DLL
0x00007ffdbf120000 - 0x00007ffdbf143000 	C:\WINDOWS\SYSTEM32\WINMM.dll
0x00007ffdc2920000 - 0x00007ffdc2929000 	C:\WINDOWS\SYSTEM32\WSOCK32.dll
0x00007ffdc5c30000 - 0x00007ffdc5c9c000 	C:\WINDOWS\System32\WS2_32.dll
0x00007ffdbfef0000 - 0x00007ffdbfefa000 	C:\WINDOWS\SYSTEM32\VERSION.dll
0x00007ffdbf0f0000 - 0x00007ffdbf11a000 	C:\WINDOWS\SYSTEM32\WINMMBASE.dll
0x00007ffdc4ab0000 - 0x00007ffdc4af9000 	C:\WINDOWS\System32\cfgmgr32.dll
0x00007ffda3660000 - 0x00007ffda366f000 	C:\Program Files\Android\Android Studio\jre\jre\bin\verify.dll
0x00007ffda3630000 - 0x00007ffda3659000 	C:\Program Files\Android\Android Studio\jre\jre\bin\java.dll
0x00007ffda3590000 - 0x00007ffda35a6000 	C:\Program Files\Android\Android Studio\jre\jre\bin\zip.dll
0x00007ffdc5f10000 - 0x00007ffdc7350000 	C:\WINDOWS\System32\SHELL32.dll
0x00007ffdc5d00000 - 0x00007ffdc5da9000 	C:\WINDOWS\System32\shcore.dll
0x00007ffdc3f10000 - 0x00007ffdc461d000 	C:\WINDOWS\System32\windows.storage.dll
0x00007ffdc7980000 - 0x00007ffdc79d1000 	C:\WINDOWS\System32\shlwapi.dll
0x00007ffdc3da0000 - 0x00007ffdc3db1000 	C:\WINDOWS\System32\kernel.appcore.dll
0x00007ffdc3dc0000 - 0x00007ffdc3ddf000 	C:\WINDOWS\System32\profapi.dll
0x00007ffdc3d30000 - 0x00007ffdc3d7c000 	C:\WINDOWS\System32\powrprof.dll
0x00007ffdc3de0000 - 0x00007ffdc3dea000 	C:\WINDOWS\System32\FLTLIB.DLL
0x00007ffd96c90000 - 0x00007ffd96caa000 	C:\Program Files\Android\Android Studio\jre\jre\bin\net.dll
0x00007ffdc3550000 - 0x00007ffdc35b6000 	C:\WINDOWS\system32\mswsock.dll
0x00007ffdb9ae0000 - 0x00007ffdb9af1000 	C:\Program Files\Android\Android Studio\jre\jre\bin\nio.dll
0x00007ffda7500000 - 0x00007ffda751e000 	C:\Users\ASUS\.gradle\native\25\windows-amd64\native-platform.dll
0x00007ffdb9aa0000 - 0x00007ffdb9aad000 	C:\Program Files\Android\Android Studio\jre\jre\bin\management.dll
0x00007ffdc3700000 - 0x00007ffdc3717000 	C:\WINDOWS\SYSTEM32\CRYPTSP.dll
0x00007ffdc3140000 - 0x00007ffdc3173000 	C:\WINDOWS\system32\rsaenh.dll
0x00007ffdc3830000 - 0x00007ffdc3855000 	C:\WINDOWS\SYSTEM32\bcrypt.dll
0x00007ffdc3c30000 - 0x00007ffdc3c58000 	C:\WINDOWS\SYSTEM32\USERENV.dll
0x00007ffdc3720000 - 0x00007ffdc372b000 	C:\WINDOWS\SYSTEM32\CRYPTBASE.dll
0x00007ffdc32e0000 - 0x00007ffdc3318000 	C:\WINDOWS\SYSTEM32\IPHLPAPI.DLL
0x00007ffdc76b0000 - 0x00007ffdc76b8000 	C:\WINDOWS\System32\NSI.dll
0x00007ffdbb000000 - 0x00007ffdbb016000 	C:\WINDOWS\SYSTEM32\dhcpcsvc6.DLL
0x00007ffdb9a70000 - 0x00007ffdb9a8a000 	C:\WINDOWS\SYSTEM32\dhcpcsvc.DLL
0x00007ffdaf8e0000 - 0x00007ffdaf904000 	C:\Program Files\Android\Android Studio\jre\jre\bin\sunec.dll
0x00007ffdc3320000 - 0x00007ffdc33de000 	C:\WINDOWS\SYSTEM32\DNSAPI.dll
0x00007ffdb7d70000 - 0x00007ffdb7d7a000 	C:\Windows\System32\rasadhlp.dll
0x00007ffdbb050000 - 0x00007ffdbb0c2000 	C:\WINDOWS\System32\fwpuclnt.dll
0x00007ffdaa100000 - 0x00007ffdaa10b000 	C:\Program Files\Android\Android Studio\jre\jre\bin\sunmscapi.dll
0x00007ffdc48c0000 - 0x00007ffdc4aa2000 	C:\WINDOWS\System32\CRYPT32.dll
0x00007ffdc3d80000 - 0x00007ffdc3d92000 	C:\WINDOWS\System32\MSASN1.dll

VM Arguments:
jvm_args: -Xmx1536m -Dfile.encoding=windows-1251 -Duser.country=RU -Duser.language=ru -Duser.variant 
java_command: org.gradle.launcher.daemon.bootstrap.GradleDaemon 5.1.1
java_class_path (initial): C:\Users\ASUS\.gradle\wrapper\dists\gradle-5.1.1-all\97z1ksx6lirer3kbvdnh7jtjg\gradle-5.1.1\lib\gradle-launcher-5.1.1.jar
Launcher Type: SUN_STANDARD

Environment Variables:
PATH=C:\Program Files (x86)\Common Files\Oracle\Java\javapath;C:\ProgramData\Oracle\Java\javapath;C:\Program Files (x86)\Intel\iCLS Client\;C:\Program Files\Intel\iCLS Client\;C:\Windows\system32;C:\Windows;C:\Windows\System32\Wbem;C:\Windows\System32\WindowsPowerShell\v1.0\;C:\Program Files (x86)\NVIDIA Corporation\PhysX\Common;C:\Program Files (x86)\Intel\Intel(R) Management Engine Components\DAL;C:\Program Files\Intel\Intel(R) Management Engine Components\DAL;C:\Program Files (x86)\Intel\Intel(R) Management Engine Components\IPT;C:\Program Files\Intel\Intel(R) Management Engine Components\IPT;C:\WINDOWS\system32;C:\WINDOWS;C:\WINDOWS\System32\Wbem;C:\WINDOWS\System32\WindowsPowerShell\v1.0\;C:\Program Files (x86)\GtkSharp\2.12\bin;C:\WINDOWS\System32\OpenSSH\;C:\Program Files (x86)\Brackets\command;C:\Program Files\Git\cmd;C:\Users\ASUS\Anaconda3;C:\Users\ASUS\Anaconda3\Library\mingw-w64\bin;C:\Users\ASUS\Anaconda3\Library\usr\bin;C:\Users\ASUS\Anaconda3\Library\bin;C:\Users\ASUS\Anaconda3\Scripts;C:\Users\ASUS\AppData\Local\Microsoft\WindowsApps;C:\Program Files\Java\jdk-10.0.1\bin
USERNAME=ASUS
OS=Windows_NT
PROCESSOR_IDENTIFIER=Intel64 Family 6 Model 142 Stepping 9, GenuineIntel



---------------  S Y S T E M  ---------------

OS: Windows 10.0 , 64 bit Build 17134 (10.0.17134.753)

CPU:total 4 (initial active 4) (2 cores per cpu, 2 threads per core) family 6 model 142 stepping 9, cmov, cx8, fxsr, mmx, sse, sse2, sse3, ssse3, sse4.1, sse4.2, popcnt, avx, avx2, aes, clmul, erms, 3dnowpref, lzcnt, ht, tsc, tscinvbit, bmi1, bmi2, adx

Memory: 4k page, physical 8266224k(484988k free), swap 8266224k(4172k free)

vm_info: OpenJDK 64-Bit Server VM (25.152-b01) for windows-amd64 JRE (1.8.0_152-release-1248-b01), built by "builder" with MS VC++ 10.0 (VS2010)

time: Sun Jul 07 06:26:11 2019
elapsed time: 54 seconds (0d 0h 0m 54s)

